2023-07-17T05:25:57+00:00 CRITICAL Uncaught Exception: Invalid data: {"data":["Array"],"element":"Array"} in C:\xampp\htdocs\wordpress\wp-content\plugins\elementor\core\base\document.php:962
Stack trace:
#0 C:\xampp\htdocs\wordpress\wp-content\plugins\astra-sites\inc\importers\batch-processing\class-astra-sites-batch-processing-elementor.php(122): Elementor\Core\Base\Document->get_elements_raw_data(Array, true)
#1 C:\xampp\htdocs\wordpress\wp-content\plugins\astra-sites\inc\importers\batch-processing\class-astra-sites-batch-processing-elementor.php(66): Elementor\TemplateLibrary\Astra_Sites_Batch_Processing_Elementor->import_single_post(860)
#2 C:\xampp\htdocs\wordpress\wp-content\plugins\astra-sites\inc\importers\batch-processing\helpers\class-wp-background-process-astra.php(41): Elementor\TemplateLibrary\Astra_Sites_Batch_Processing_Elementor->import()
#3 C:\xampp\htdocs\wordpress\wp-content\plugins\woocommerce\includes\libraries\wp-background-process.php(301): WP_Background_Process_Astra->task(Object(Elementor\TemplateLibrary\Astra_Sites_Batch_Processing_Elementor))
#4 C:\xampp\htdocs\wordpress\wp-content\plugins\woocommerce\includes\libraries\wp-background-process.php(447): WP_Background_Process->handle()
#5 C:\xampp\htdocs\wordpress\wp-includes\class-wp-hook.php(308): WP_Background_Process->handle_cron_healthcheck()
#6 C:\xampp\htdocs\wordpress\wp-includes\class-wp-hook.php(332): WP_Hook->apply_filters('', Array)
#7 C:\xampp\htdocs\wordpress\wp-includes\plugin.php(565): WP_Hook->do_action(Array)
#8 C:\xampp\htdocs\wordpress\wp-cron.php(188): do_action_ref_array('wp_image_proces...', Array)
#9 {main}
  thrown in C:\xampp\htdocs\wordpress\wp-content\plugins\elementor\core\base\document.php on line 962

2023-07-17T05:28:38+00:00 CRITICAL Uncaught Exception: Invalid data: {"data":["Array"],"element":"Array"} in C:\xampp\htdocs\wordpress\wp-content\plugins\elementor\core\base\document.php:962
Stack trace:
#0 C:\xampp\htdocs\wordpress\wp-content\plugins\astra-sites\inc\importers\batch-processing\class-astra-sites-batch-processing-elementor.php(122): Elementor\Core\Base\Document->get_elements_raw_data(Array, true)
#1 C:\xampp\htdocs\wordpress\wp-content\plugins\astra-sites\inc\importers\batch-processing\class-astra-sites-batch-processing-elementor.php(66): Elementor\TemplateLibrary\Astra_Sites_Batch_Processing_Elementor->import_single_post(860)
#2 C:\xampp\htdocs\wordpress\wp-content\plugins\astra-sites\inc\importers\batch-processing\helpers\class-wp-background-process-astra.php(41): Elementor\TemplateLibrary\Astra_Sites_Batch_Processing_Elementor->import()
#3 C:\xampp\htdocs\wordpress\wp-content\plugins\woocommerce\includes\libraries\wp-background-process.php(301): WP_Background_Process_Astra->task(Object(Elementor\TemplateLibrary\Astra_Sites_Batch_Processing_Elementor))
#4 C:\xampp\htdocs\wordpress\wp-content\plugins\woocommerce\includes\libraries\wp-background-process.php(447): WP_Background_Process->handle()
#5 C:\xampp\htdocs\wordpress\wp-includes\class-wp-hook.php(308): WP_Background_Process->handle_cron_healthcheck()
#6 C:\xampp\htdocs\wordpress\wp-includes\class-wp-hook.php(332): WP_Hook->apply_filters('', Array)
#7 C:\xampp\htdocs\wordpress\wp-includes\plugin.php(565): WP_Hook->do_action(Array)
#8 C:\xampp\htdocs\wordpress\wp-cron.php(188): do_action_ref_array('wp_image_proces...', Array)
#9 {main}
  thrown in C:\xampp\htdocs\wordpress\wp-content\plugins\elementor\core\base\document.php on line 962

2023-07-17T05:33:26+00:00 CRITICAL Uncaught Exception: Invalid data: {"data":["Array"],"element":"Array"} in C:\xampp\htdocs\wordpress\wp-content\plugins\elementor\core\base\document.php:962
Stack trace:
#0 C:\xampp\htdocs\wordpress\wp-content\plugins\astra-sites\inc\importers\batch-processing\class-astra-sites-batch-processing-elementor.php(122): Elementor\Core\Base\Document->get_elements_raw_data(Array, true)
#1 C:\xampp\htdocs\wordpress\wp-content\plugins\astra-sites\inc\importers\batch-processing\class-astra-sites-batch-processing-elementor.php(66): Elementor\TemplateLibrary\Astra_Sites_Batch_Processing_Elementor->import_single_post(860)
#2 C:\xampp\htdocs\wordpress\wp-content\plugins\astra-sites\inc\importers\batch-processing\helpers\class-wp-background-process-astra.php(41): Elementor\TemplateLibrary\Astra_Sites_Batch_Processing_Elementor->import()
#3 C:\xampp\htdocs\wordpress\wp-content\plugins\woocommerce\includes\libraries\wp-background-process.php(301): WP_Background_Process_Astra->task(Object(Elementor\TemplateLibrary\Astra_Sites_Batch_Processing_Elementor))
#4 C:\xampp\htdocs\wordpress\wp-content\plugins\woocommerce\includes\libraries\wp-background-process.php(447): WP_Background_Process->handle()
#5 C:\xampp\htdocs\wordpress\wp-includes\class-wp-hook.php(308): WP_Background_Process->handle_cron_healthcheck()
#6 C:\xampp\htdocs\wordpress\wp-includes\class-wp-hook.php(332): WP_Hook->apply_filters('', Array)
#7 C:\xampp\htdocs\wordpress\wp-includes\plugin.php(565): WP_Hook->do_action(Array)
#8 C:\xampp\htdocs\wordpress\wp-cron.php(188): do_action_ref_array('wp_image_proces...', Array)
#9 {main}
  thrown in C:\xampp\htdocs\wordpress\wp-content\plugins\elementor\core\base\document.php on line 962

2023-07-17T05:38:18+00:00 CRITICAL Uncaught Exception: Invalid data: {"data":["Array"],"element":"Array"} in C:\xampp\htdocs\wordpress\wp-content\plugins\elementor\core\base\document.php:962
Stack trace:
#0 C:\xampp\htdocs\wordpress\wp-content\plugins\astra-sites\inc\importers\batch-processing\class-astra-sites-batch-processing-elementor.php(122): Elementor\Core\Base\Document->get_elements_raw_data(Array, true)
#1 C:\xampp\htdocs\wordpress\wp-content\plugins\astra-sites\inc\importers\batch-processing\class-astra-sites-batch-processing-elementor.php(66): Elementor\TemplateLibrary\Astra_Sites_Batch_Processing_Elementor->import_single_post(860)
#2 C:\xampp\htdocs\wordpress\wp-content\plugins\astra-sites\inc\importers\batch-processing\helpers\class-wp-background-process-astra.php(41): Elementor\TemplateLibrary\Astra_Sites_Batch_Processing_Elementor->import()
#3 C:\xampp\htdocs\wordpress\wp-content\plugins\woocommerce\includes\libraries\wp-background-process.php(301): WP_Background_Process_Astra->task(Object(Elementor\TemplateLibrary\Astra_Sites_Batch_Processing_Elementor))
#4 C:\xampp\htdocs\wordpress\wp-content\plugins\woocommerce\includes\libraries\wp-background-process.php(447): WP_Background_Process->handle()
#5 C:\xampp\htdocs\wordpress\wp-includes\class-wp-hook.php(308): WP_Background_Process->handle_cron_healthcheck()
#6 C:\xampp\htdocs\wordpress\wp-includes\class-wp-hook.php(332): WP_Hook->apply_filters('', Array)
#7 C:\xampp\htdocs\wordpress\wp-includes\plugin.php(565): WP_Hook->do_action(Array)
#8 C:\xampp\htdocs\wordpress\wp-cron.php(188): do_action_ref_array('wp_image_proces...', Array)
#9 {main}
  thrown in C:\xampp\htdocs\wordpress\wp-content\plugins\elementor\core\base\document.php on line 962

2023-07-17T05:43:16+00:00 CRITICAL Uncaught Exception: Invalid data: {"data":["Array"],"element":"Array"} in C:\xampp\htdocs\wordpress\wp-content\plugins\elementor\core\base\document.php:962
Stack trace:
#0 C:\xampp\htdocs\wordpress\wp-content\plugins\astra-sites\inc\importers\batch-processing\class-astra-sites-batch-processing-elementor.php(122): Elementor\Core\Base\Document->get_elements_raw_data(Array, true)
#1 C:\xampp\htdocs\wordpress\wp-content\plugins\astra-sites\inc\importers\batch-processing\class-astra-sites-batch-processing-elementor.php(66): Elementor\TemplateLibrary\Astra_Sites_Batch_Processing_Elementor->import_single_post(860)
#2 C:\xampp\htdocs\wordpress\wp-content\plugins\astra-sites\inc\importers\batch-processing\helpers\class-wp-background-process-astra.php(41): Elementor\TemplateLibrary\Astra_Sites_Batch_Processing_Elementor->import()
#3 C:\xampp\htdocs\wordpress\wp-content\plugins\woocommerce\includes\libraries\wp-background-process.php(301): WP_Background_Process_Astra->task(Object(Elementor\TemplateLibrary\Astra_Sites_Batch_Processing_Elementor))
#4 C:\xampp\htdocs\wordpress\wp-content\plugins\woocommerce\includes\libraries\wp-background-process.php(447): WP_Background_Process->handle()
#5 C:\xampp\htdocs\wordpress\wp-includes\class-wp-hook.php(308): WP_Background_Process->handle_cron_healthcheck()
#6 C:\xampp\htdocs\wordpress\wp-includes\class-wp-hook.php(332): WP_Hook->apply_filters('', Array)
#7 C:\xampp\htdocs\wordpress\wp-includes\plugin.php(565): WP_Hook->do_action(Array)
#8 C:\xampp\htdocs\wordpress\wp-cron.php(188): do_action_ref_array('wp_image_proces...', Array)
#9 {main}
  thrown in C:\xampp\htdocs\wordpress\wp-content\plugins\elementor\core\base\document.php on line 962

2023-07-17T05:48:21+00:00 CRITICAL Uncaught Exception: Invalid data: {"data":["Array"],"element":"Array"} in C:\xampp\htdocs\wordpress\wp-content\plugins\elementor\core\base\document.php:962
Stack trace:
#0 C:\xampp\htdocs\wordpress\wp-content\plugins\astra-sites\inc\importers\batch-processing\class-astra-sites-batch-processing-elementor.php(122): Elementor\Core\Base\Document->get_elements_raw_data(Array, true)
#1 C:\xampp\htdocs\wordpress\wp-content\plugins\astra-sites\inc\importers\batch-processing\class-astra-sites-batch-processing-elementor.php(66): Elementor\TemplateLibrary\Astra_Sites_Batch_Processing_Elementor->import_single_post(860)
#2 C:\xampp\htdocs\wordpress\wp-content\plugins\astra-sites\inc\importers\batch-processing\helpers\class-wp-background-process-astra.php(41): Elementor\TemplateLibrary\Astra_Sites_Batch_Processing_Elementor->import()
#3 C:\xampp\htdocs\wordpress\wp-content\plugins\woocommerce\includes\libraries\wp-background-process.php(301): WP_Background_Process_Astra->task(Object(Elementor\TemplateLibrary\Astra_Sites_Batch_Processing_Elementor))
#4 C:\xampp\htdocs\wordpress\wp-content\plugins\woocommerce\includes\libraries\wp-background-process.php(447): WP_Background_Process->handle()
#5 C:\xampp\htdocs\wordpress\wp-includes\class-wp-hook.php(308): WP_Background_Process->handle_cron_healthcheck()
#6 C:\xampp\htdocs\wordpress\wp-includes\class-wp-hook.php(332): WP_Hook->apply_filters('', Array)
#7 C:\xampp\htdocs\wordpress\wp-includes\plugin.php(565): WP_Hook->do_action(Array)
#8 C:\xampp\htdocs\wordpress\wp-cron.php(188): do_action_ref_array('wp_image_proces...', Array)
#9 {main}
  thrown in C:\xampp\htdocs\wordpress\wp-content\plugins\elementor\core\base\document.php on line 962

2023-07-17T05:53:21+00:00 CRITICAL Uncaught Exception: Invalid data: {"data":["Array"],"element":"Array"} in C:\xampp\htdocs\wordpress\wp-content\plugins\elementor\core\base\document.php:962
Stack trace:
#0 C:\xampp\htdocs\wordpress\wp-content\plugins\astra-sites\inc\importers\batch-processing\class-astra-sites-batch-processing-elementor.php(122): Elementor\Core\Base\Document->get_elements_raw_data(Array, true)
#1 C:\xampp\htdocs\wordpress\wp-content\plugins\astra-sites\inc\importers\batch-processing\class-astra-sites-batch-processing-elementor.php(66): Elementor\TemplateLibrary\Astra_Sites_Batch_Processing_Elementor->import_single_post(860)
#2 C:\xampp\htdocs\wordpress\wp-content\plugins\astra-sites\inc\importers\batch-processing\helpers\class-wp-background-process-astra.php(41): Elementor\TemplateLibrary\Astra_Sites_Batch_Processing_Elementor->import()
#3 C:\xampp\htdocs\wordpress\wp-content\plugins\woocommerce\includes\libraries\wp-background-process.php(301): WP_Background_Process_Astra->task(Object(Elementor\TemplateLibrary\Astra_Sites_Batch_Processing_Elementor))
#4 C:\xampp\htdocs\wordpress\wp-content\plugins\woocommerce\includes\libraries\wp-background-process.php(447): WP_Background_Process->handle()
#5 C:\xampp\htdocs\wordpress\wp-includes\class-wp-hook.php(308): WP_Background_Process->handle_cron_healthcheck()
#6 C:\xampp\htdocs\wordpress\wp-includes\class-wp-hook.php(332): WP_Hook->apply_filters('', Array)
#7 C:\xampp\htdocs\wordpress\wp-includes\plugin.php(565): WP_Hook->do_action(Array)
#8 C:\xampp\htdocs\wordpress\wp-cron.php(188): do_action_ref_array('wp_image_proces...', Array)
#9 {main}
  thrown in C:\xampp\htdocs\wordpress\wp-content\plugins\elementor\core\base\document.php on line 962

2023-07-17T05:58:13+00:00 CRITICAL Uncaught Exception: Invalid data: {"data":["Array"],"element":"Array"} in C:\xampp\htdocs\wordpress\wp-content\plugins\elementor\core\base\document.php:962
Stack trace:
#0 C:\xampp\htdocs\wordpress\wp-content\plugins\astra-sites\inc\importers\batch-processing\class-astra-sites-batch-processing-elementor.php(122): Elementor\Core\Base\Document->get_elements_raw_data(Array, true)
#1 C:\xampp\htdocs\wordpress\wp-content\plugins\astra-sites\inc\importers\batch-processing\class-astra-sites-batch-processing-elementor.php(66): Elementor\TemplateLibrary\Astra_Sites_Batch_Processing_Elementor->import_single_post(860)
#2 C:\xampp\htdocs\wordpress\wp-content\plugins\astra-sites\inc\importers\batch-processing\helpers\class-wp-background-process-astra.php(41): Elementor\TemplateLibrary\Astra_Sites_Batch_Processing_Elementor->import()
#3 C:\xampp\htdocs\wordpress\wp-content\plugins\woocommerce\includes\libraries\wp-background-process.php(301): WP_Background_Process_Astra->task(Object(Elementor\TemplateLibrary\Astra_Sites_Batch_Processing_Elementor))
#4 C:\xampp\htdocs\wordpress\wp-content\plugins\woocommerce\includes\libraries\wp-background-process.php(447): WP_Background_Process->handle()
#5 C:\xampp\htdocs\wordpress\wp-includes\class-wp-hook.php(308): WP_Background_Process->handle_cron_healthcheck()
#6 C:\xampp\htdocs\wordpress\wp-includes\class-wp-hook.php(332): WP_Hook->apply_filters('', Array)
#7 C:\xampp\htdocs\wordpress\wp-includes\plugin.php(565): WP_Hook->do_action(Array)
#8 C:\xampp\htdocs\wordpress\wp-cron.php(188): do_action_ref_array('wp_image_proces...', Array)
#9 {main}
  thrown in C:\xampp\htdocs\wordpress\wp-content\plugins\elementor\core\base\document.php on line 962

2023-07-17T06:03:18+00:00 CRITICAL Uncaught Exception: Invalid data: {"data":["Array"],"element":"Array"} in C:\xampp\htdocs\wordpress\wp-content\plugins\elementor\core\base\document.php:962
Stack trace:
#0 C:\xampp\htdocs\wordpress\wp-content\plugins\astra-sites\inc\importers\batch-processing\class-astra-sites-batch-processing-elementor.php(122): Elementor\Core\Base\Document->get_elements_raw_data(Array, true)
#1 C:\xampp\htdocs\wordpress\wp-content\plugins\astra-sites\inc\importers\batch-processing\class-astra-sites-batch-processing-elementor.php(66): Elementor\TemplateLibrary\Astra_Sites_Batch_Processing_Elementor->import_single_post(860)
#2 C:\xampp\htdocs\wordpress\wp-content\plugins\astra-sites\inc\importers\batch-processing\helpers\class-wp-background-process-astra.php(41): Elementor\TemplateLibrary\Astra_Sites_Batch_Processing_Elementor->import()
#3 C:\xampp\htdocs\wordpress\wp-content\plugins\woocommerce\includes\libraries\wp-background-process.php(301): WP_Background_Process_Astra->task(Object(Elementor\TemplateLibrary\Astra_Sites_Batch_Processing_Elementor))
#4 C:\xampp\htdocs\wordpress\wp-content\plugins\woocommerce\includes\libraries\wp-background-process.php(447): WP_Background_Process->handle()
#5 C:\xampp\htdocs\wordpress\wp-includes\class-wp-hook.php(308): WP_Background_Process->handle_cron_healthcheck()
#6 C:\xampp\htdocs\wordpress\wp-includes\class-wp-hook.php(332): WP_Hook->apply_filters('', Array)
#7 C:\xampp\htdocs\wordpress\wp-includes\plugin.php(565): WP_Hook->do_action(Array)
#8 C:\xampp\htdocs\wordpress\wp-cron.php(188): do_action_ref_array('wp_image_proces...', Array)
#9 {main}
  thrown in C:\xampp\htdocs\wordpress\wp-content\plugins\elementor\core\base\document.php on line 962

2023-07-17T06:08:17+00:00 CRITICAL Uncaught Exception: Invalid data: {"data":["Array"],"element":"Array"} in C:\xampp\htdocs\wordpress\wp-content\plugins\elementor\core\base\document.php:962
Stack trace:
#0 C:\xampp\htdocs\wordpress\wp-content\plugins\astra-sites\inc\importers\batch-processing\class-astra-sites-batch-processing-elementor.php(122): Elementor\Core\Base\Document->get_elements_raw_data(Array, true)
#1 C:\xampp\htdocs\wordpress\wp-content\plugins\astra-sites\inc\importers\batch-processing\class-astra-sites-batch-processing-elementor.php(66): Elementor\TemplateLibrary\Astra_Sites_Batch_Processing_Elementor->import_single_post(860)
#2 C:\xampp\htdocs\wordpress\wp-content\plugins\astra-sites\inc\importers\batch-processing\helpers\class-wp-background-process-astra.php(41): Elementor\TemplateLibrary\Astra_Sites_Batch_Processing_Elementor->import()
#3 C:\xampp\htdocs\wordpress\wp-content\plugins\woocommerce\includes\libraries\wp-background-process.php(301): WP_Background_Process_Astra->task(Object(Elementor\TemplateLibrary\Astra_Sites_Batch_Processing_Elementor))
#4 C:\xampp\htdocs\wordpress\wp-content\plugins\woocommerce\includes\libraries\wp-background-process.php(447): WP_Background_Process->handle()
#5 C:\xampp\htdocs\wordpress\wp-includes\class-wp-hook.php(308): WP_Background_Process->handle_cron_healthcheck()
#6 C:\xampp\htdocs\wordpress\wp-includes\class-wp-hook.php(332): WP_Hook->apply_filters('', Array)
#7 C:\xampp\htdocs\wordpress\wp-includes\plugin.php(565): WP_Hook->do_action(Array)
#8 C:\xampp\htdocs\wordpress\wp-cron.php(188): do_action_ref_array('wp_image_proces...', Array)
#9 {main}
  thrown in C:\xampp\htdocs\wordpress\wp-content\plugins\elementor\core\base\document.php on line 962

2023-07-17T06:13:16+00:00 CRITICAL Uncaught Exception: Invalid data: {"data":["Array"],"element":"Array"} in C:\xampp\htdocs\wordpress\wp-content\plugins\elementor\core\base\document.php:962
Stack trace:
#0 C:\xampp\htdocs\wordpress\wp-content\plugins\astra-sites\inc\importers\batch-processing\class-astra-sites-batch-processing-elementor.php(122): Elementor\Core\Base\Document->get_elements_raw_data(Array, true)
#1 C:\xampp\htdocs\wordpress\wp-content\plugins\astra-sites\inc\importers\batch-processing\class-astra-sites-batch-processing-elementor.php(66): Elementor\TemplateLibrary\Astra_Sites_Batch_Processing_Elementor->import_single_post(860)
#2 C:\xampp\htdocs\wordpress\wp-content\plugins\astra-sites\inc\importers\batch-processing\helpers\class-wp-background-process-astra.php(41): Elementor\TemplateLibrary\Astra_Sites_Batch_Processing_Elementor->import()
#3 C:\xampp\htdocs\wordpress\wp-content\plugins\woocommerce\includes\libraries\wp-background-process.php(301): WP_Background_Process_Astra->task(Object(Elementor\TemplateLibrary\Astra_Sites_Batch_Processing_Elementor))
#4 C:\xampp\htdocs\wordpress\wp-content\plugins\woocommerce\includes\libraries\wp-background-process.php(447): WP_Background_Process->handle()
#5 C:\xampp\htdocs\wordpress\wp-includes\class-wp-hook.php(308): WP_Background_Process->handle_cron_healthcheck()
#6 C:\xampp\htdocs\wordpress\wp-includes\class-wp-hook.php(332): WP_Hook->apply_filters('', Array)
#7 C:\xampp\htdocs\wordpress\wp-includes\plugin.php(565): WP_Hook->do_action(Array)
#8 C:\xampp\htdocs\wordpress\wp-cron.php(188): do_action_ref_array('wp_image_proces...', Array)
#9 {main}
  thrown in C:\xampp\htdocs\wordpress\wp-content\plugins\elementor\core\base\document.php on line 962

2023-07-17T06:18:23+00:00 CRITICAL Uncaught Exception: Invalid data: {"data":["Array"],"element":"Array"} in C:\xampp\htdocs\wordpress\wp-content\plugins\elementor\core\base\document.php:962
Stack trace:
#0 C:\xampp\htdocs\wordpress\wp-content\plugins\astra-sites\inc\importers\batch-processing\class-astra-sites-batch-processing-elementor.php(122): Elementor\Core\Base\Document->get_elements_raw_data(Array, true)
#1 C:\xampp\htdocs\wordpress\wp-content\plugins\astra-sites\inc\importers\batch-processing\class-astra-sites-batch-processing-elementor.php(66): Elementor\TemplateLibrary\Astra_Sites_Batch_Processing_Elementor->import_single_post(860)
#2 C:\xampp\htdocs\wordpress\wp-content\plugins\astra-sites\inc\importers\batch-processing\helpers\class-wp-background-process-astra.php(41): Elementor\TemplateLibrary\Astra_Sites_Batch_Processing_Elementor->import()
#3 C:\xampp\htdocs\wordpress\wp-content\plugins\woocommerce\includes\libraries\wp-background-process.php(301): WP_Background_Process_Astra->task(Object(Elementor\TemplateLibrary\Astra_Sites_Batch_Processing_Elementor))
#4 C:\xampp\htdocs\wordpress\wp-content\plugins\woocommerce\includes\libraries\wp-background-process.php(447): WP_Background_Process->handle()
#5 C:\xampp\htdocs\wordpress\wp-includes\class-wp-hook.php(308): WP_Background_Process->handle_cron_healthcheck()
#6 C:\xampp\htdocs\wordpress\wp-includes\class-wp-hook.php(332): WP_Hook->apply_filters('', Array)
#7 C:\xampp\htdocs\wordpress\wp-includes\plugin.php(565): WP_Hook->do_action(Array)
#8 C:\xampp\htdocs\wordpress\wp-cron.php(188): do_action_ref_array('wp_image_proces...', Array)
#9 {main}
  thrown in C:\xampp\htdocs\wordpress\wp-content\plugins\elementor\core\base\document.php on line 962

2023-07-17T06:23:46+00:00 CRITICAL Uncaught Exception: Invalid data: {"data":["Array"],"element":"Array"} in C:\xampp\htdocs\wordpress\wp-content\plugins\elementor\core\base\document.php:962
Stack trace:
#0 C:\xampp\htdocs\wordpress\wp-content\plugins\astra-sites\inc\importers\batch-processing\class-astra-sites-batch-processing-elementor.php(122): Elementor\Core\Base\Document->get_elements_raw_data(Array, true)
#1 C:\xampp\htdocs\wordpress\wp-content\plugins\astra-sites\inc\importers\batch-processing\class-astra-sites-batch-processing-elementor.php(66): Elementor\TemplateLibrary\Astra_Sites_Batch_Processing_Elementor->import_single_post(860)
#2 C:\xampp\htdocs\wordpress\wp-content\plugins\astra-sites\inc\importers\batch-processing\helpers\class-wp-background-process-astra.php(41): Elementor\TemplateLibrary\Astra_Sites_Batch_Processing_Elementor->import()
#3 C:\xampp\htdocs\wordpress\wp-content\plugins\woocommerce\includes\libraries\wp-background-process.php(301): WP_Background_Process_Astra->task(Object(Elementor\TemplateLibrary\Astra_Sites_Batch_Processing_Elementor))
#4 C:\xampp\htdocs\wordpress\wp-content\plugins\woocommerce\includes\libraries\wp-background-process.php(447): WP_Background_Process->handle()
#5 C:\xampp\htdocs\wordpress\wp-includes\class-wp-hook.php(308): WP_Background_Process->handle_cron_healthcheck()
#6 C:\xampp\htdocs\wordpress\wp-includes\class-wp-hook.php(332): WP_Hook->apply_filters('', Array)
#7 C:\xampp\htdocs\wordpress\wp-includes\plugin.php(565): WP_Hook->do_action(Array)
#8 C:\xampp\htdocs\wordpress\wp-cron.php(188): do_action_ref_array('wp_image_proces...', Array)
#9 {main}
  thrown in C:\xampp\htdocs\wordpress\wp-content\plugins\elementor\core\base\document.php on line 962

2023-07-17T06:28:21+00:00 CRITICAL Uncaught Exception: Invalid data: {"data":["Array"],"element":"Array"} in C:\xampp\htdocs\wordpress\wp-content\plugins\elementor\core\base\document.php:962
Stack trace:
#0 C:\xampp\htdocs\wordpress\wp-content\plugins\astra-sites\inc\importers\batch-processing\class-astra-sites-batch-processing-elementor.php(122): Elementor\Core\Base\Document->get_elements_raw_data(Array, true)
#1 C:\xampp\htdocs\wordpress\wp-content\plugins\astra-sites\inc\importers\batch-processing\class-astra-sites-batch-processing-elementor.php(66): Elementor\TemplateLibrary\Astra_Sites_Batch_Processing_Elementor->import_single_post(860)
#2 C:\xampp\htdocs\wordpress\wp-content\plugins\astra-sites\inc\importers\batch-processing\helpers\class-wp-background-process-astra.php(41): Elementor\TemplateLibrary\Astra_Sites_Batch_Processing_Elementor->import()
#3 C:\xampp\htdocs\wordpress\wp-content\plugins\woocommerce\includes\libraries\wp-background-process.php(301): WP_Background_Process_Astra->task(Object(Elementor\TemplateLibrary\Astra_Sites_Batch_Processing_Elementor))
#4 C:\xampp\htdocs\wordpress\wp-content\plugins\woocommerce\includes\libraries\wp-background-process.php(447): WP_Background_Process->handle()
#5 C:\xampp\htdocs\wordpress\wp-includes\class-wp-hook.php(308): WP_Background_Process->handle_cron_healthcheck()
#6 C:\xampp\htdocs\wordpress\wp-includes\class-wp-hook.php(332): WP_Hook->apply_filters('', Array)
#7 C:\xampp\htdocs\wordpress\wp-includes\plugin.php(565): WP_Hook->do_action(Array)
#8 C:\xampp\htdocs\wordpress\wp-cron.php(188): do_action_ref_array('wp_image_proces...', Array)
#9 {main}
  thrown in C:\xampp\htdocs\wordpress\wp-content\plugins\elementor\core\base\document.php on line 962

2023-07-17T06:33:26+00:00 CRITICAL Uncaught Exception: Invalid data: {"data":["Array"],"element":"Array"} in C:\xampp\htdocs\wordpress\wp-content\plugins\elementor\core\base\document.php:962
Stack trace:
#0 C:\xampp\htdocs\wordpress\wp-content\plugins\astra-sites\inc\importers\batch-processing\class-astra-sites-batch-processing-elementor.php(122): Elementor\Core\Base\Document->get_elements_raw_data(Array, true)
#1 C:\xampp\htdocs\wordpress\wp-content\plugins\astra-sites\inc\importers\batch-processing\class-astra-sites-batch-processing-elementor.php(66): Elementor\TemplateLibrary\Astra_Sites_Batch_Processing_Elementor->import_single_post(860)
#2 C:\xampp\htdocs\wordpress\wp-content\plugins\astra-sites\inc\importers\batch-processing\helpers\class-wp-background-process-astra.php(41): Elementor\TemplateLibrary\Astra_Sites_Batch_Processing_Elementor->import()
#3 C:\xampp\htdocs\wordpress\wp-content\plugins\woocommerce\includes\libraries\wp-background-process.php(301): WP_Background_Process_Astra->task(Object(Elementor\TemplateLibrary\Astra_Sites_Batch_Processing_Elementor))
#4 C:\xampp\htdocs\wordpress\wp-content\plugins\woocommerce\includes\libraries\wp-background-process.php(447): WP_Background_Process->handle()
#5 C:\xampp\htdocs\wordpress\wp-includes\class-wp-hook.php(308): WP_Background_Process->handle_cron_healthcheck()
#6 C:\xampp\htdocs\wordpress\wp-includes\class-wp-hook.php(332): WP_Hook->apply_filters('', Array)
#7 C:\xampp\htdocs\wordpress\wp-includes\plugin.php(565): WP_Hook->do_action(Array)
#8 C:\xampp\htdocs\wordpress\wp-cron.php(188): do_action_ref_array('wp_image_proces...', Array)
#9 {main}
  thrown in C:\xampp\htdocs\wordpress\wp-content\plugins\elementor\core\base\document.php on line 962

2023-07-17T06:38:27+00:00 CRITICAL Uncaught Exception: Invalid data: {"data":["Array"],"element":"Array"} in C:\xampp\htdocs\wordpress\wp-content\plugins\elementor\core\base\document.php:962
Stack trace:
#0 C:\xampp\htdocs\wordpress\wp-content\plugins\astra-sites\inc\importers\batch-processing\class-astra-sites-batch-processing-elementor.php(122): Elementor\Core\Base\Document->get_elements_raw_data(Array, true)
#1 C:\xampp\htdocs\wordpress\wp-content\plugins\astra-sites\inc\importers\batch-processing\class-astra-sites-batch-processing-elementor.php(66): Elementor\TemplateLibrary\Astra_Sites_Batch_Processing_Elementor->import_single_post(860)
#2 C:\xampp\htdocs\wordpress\wp-content\plugins\astra-sites\inc\importers\batch-processing\helpers\class-wp-background-process-astra.php(41): Elementor\TemplateLibrary\Astra_Sites_Batch_Processing_Elementor->import()
#3 C:\xampp\htdocs\wordpress\wp-content\plugins\woocommerce\includes\libraries\wp-background-process.php(301): WP_Background_Process_Astra->task(Object(Elementor\TemplateLibrary\Astra_Sites_Batch_Processing_Elementor))
#4 C:\xampp\htdocs\wordpress\wp-content\plugins\woocommerce\includes\libraries\wp-background-process.php(447): WP_Background_Process->handle()
#5 C:\xampp\htdocs\wordpress\wp-includes\class-wp-hook.php(308): WP_Background_Process->handle_cron_healthcheck()
#6 C:\xampp\htdocs\wordpress\wp-includes\class-wp-hook.php(332): WP_Hook->apply_filters('', Array)
#7 C:\xampp\htdocs\wordpress\wp-includes\plugin.php(565): WP_Hook->do_action(Array)
#8 C:\xampp\htdocs\wordpress\wp-cron.php(188): do_action_ref_array('wp_image_proces...', Array)
#9 {main}
  thrown in C:\xampp\htdocs\wordpress\wp-content\plugins\elementor\core\base\document.php on line 962

2023-07-17T06:43:13+00:00 CRITICAL Uncaught Exception: Invalid data: {"data":["Array"],"element":"Array"} in C:\xampp\htdocs\wordpress\wp-content\plugins\elementor\core\base\document.php:962
Stack trace:
#0 C:\xampp\htdocs\wordpress\wp-content\plugins\astra-sites\inc\importers\batch-processing\class-astra-sites-batch-processing-elementor.php(122): Elementor\Core\Base\Document->get_elements_raw_data(Array, true)
#1 C:\xampp\htdocs\wordpress\wp-content\plugins\astra-sites\inc\importers\batch-processing\class-astra-sites-batch-processing-elementor.php(66): Elementor\TemplateLibrary\Astra_Sites_Batch_Processing_Elementor->import_single_post(860)
#2 C:\xampp\htdocs\wordpress\wp-content\plugins\astra-sites\inc\importers\batch-processing\helpers\class-wp-background-process-astra.php(41): Elementor\TemplateLibrary\Astra_Sites_Batch_Processing_Elementor->import()
#3 C:\xampp\htdocs\wordpress\wp-content\plugins\woocommerce\includes\libraries\wp-background-process.php(301): WP_Background_Process_Astra->task(Object(Elementor\TemplateLibrary\Astra_Sites_Batch_Processing_Elementor))
#4 C:\xampp\htdocs\wordpress\wp-content\plugins\woocommerce\includes\libraries\wp-background-process.php(447): WP_Background_Process->handle()
#5 C:\xampp\htdocs\wordpress\wp-includes\class-wp-hook.php(308): WP_Background_Process->handle_cron_healthcheck()
#6 C:\xampp\htdocs\wordpress\wp-includes\class-wp-hook.php(332): WP_Hook->apply_filters('', Array)
#7 C:\xampp\htdocs\wordpress\wp-includes\plugin.php(565): WP_Hook->do_action(Array)
#8 C:\xampp\htdocs\wordpress\wp-cron.php(188): do_action_ref_array('wp_image_proces...', Array)
#9 {main}
  thrown in C:\xampp\htdocs\wordpress\wp-content\plugins\elementor\core\base\document.php on line 962

2023-07-17T06:48:15+00:00 CRITICAL Uncaught Exception: Invalid data: {"data":["Array"],"element":"Array"} in C:\xampp\htdocs\wordpress\wp-content\plugins\elementor\core\base\document.php:962
Stack trace:
#0 C:\xampp\htdocs\wordpress\wp-content\plugins\astra-sites\inc\importers\batch-processing\class-astra-sites-batch-processing-elementor.php(122): Elementor\Core\Base\Document->get_elements_raw_data(Array, true)
#1 C:\xampp\htdocs\wordpress\wp-content\plugins\astra-sites\inc\importers\batch-processing\class-astra-sites-batch-processing-elementor.php(66): Elementor\TemplateLibrary\Astra_Sites_Batch_Processing_Elementor->import_single_post(860)
#2 C:\xampp\htdocs\wordpress\wp-content\plugins\astra-sites\inc\importers\batch-processing\helpers\class-wp-background-process-astra.php(41): Elementor\TemplateLibrary\Astra_Sites_Batch_Processing_Elementor->import()
#3 C:\xampp\htdocs\wordpress\wp-content\plugins\woocommerce\includes\libraries\wp-background-process.php(301): WP_Background_Process_Astra->task(Object(Elementor\TemplateLibrary\Astra_Sites_Batch_Processing_Elementor))
#4 C:\xampp\htdocs\wordpress\wp-content\plugins\woocommerce\includes\libraries\wp-background-process.php(447): WP_Background_Process->handle()
#5 C:\xampp\htdocs\wordpress\wp-includes\class-wp-hook.php(308): WP_Background_Process->handle_cron_healthcheck()
#6 C:\xampp\htdocs\wordpress\wp-includes\class-wp-hook.php(332): WP_Hook->apply_filters('', Array)
#7 C:\xampp\htdocs\wordpress\wp-includes\plugin.php(565): WP_Hook->do_action(Array)
#8 C:\xampp\htdocs\wordpress\wp-cron.php(188): do_action_ref_array('wp_image_proces...', Array)
#9 {main}
  thrown in C:\xampp\htdocs\wordpress\wp-content\plugins\elementor\core\base\document.php on line 962

2023-07-17T06:53:26+00:00 CRITICAL Uncaught Exception: Invalid data: {"data":["Array"],"element":"Array"} in C:\xampp\htdocs\wordpress\wp-content\plugins\elementor\core\base\document.php:962
Stack trace:
#0 C:\xampp\htdocs\wordpress\wp-content\plugins\astra-sites\inc\importers\batch-processing\class-astra-sites-batch-processing-elementor.php(122): Elementor\Core\Base\Document->get_elements_raw_data(Array, true)
#1 C:\xampp\htdocs\wordpress\wp-content\plugins\astra-sites\inc\importers\batch-processing\class-astra-sites-batch-processing-elementor.php(66): Elementor\TemplateLibrary\Astra_Sites_Batch_Processing_Elementor->import_single_post(860)
#2 C:\xampp\htdocs\wordpress\wp-content\plugins\astra-sites\inc\importers\batch-processing\helpers\class-wp-background-process-astra.php(41): Elementor\TemplateLibrary\Astra_Sites_Batch_Processing_Elementor->import()
#3 C:\xampp\htdocs\wordpress\wp-content\plugins\woocommerce\includes\libraries\wp-background-process.php(301): WP_Background_Process_Astra->task(Object(Elementor\TemplateLibrary\Astra_Sites_Batch_Processing_Elementor))
#4 C:\xampp\htdocs\wordpress\wp-content\plugins\woocommerce\includes\libraries\wp-background-process.php(447): WP_Background_Process->handle()
#5 C:\xampp\htdocs\wordpress\wp-includes\class-wp-hook.php(308): WP_Background_Process->handle_cron_healthcheck()
#6 C:\xampp\htdocs\wordpress\wp-includes\class-wp-hook.php(332): WP_Hook->apply_filters('', Array)
#7 C:\xampp\htdocs\wordpress\wp-includes\plugin.php(565): WP_Hook->do_action(Array)
#8 C:\xampp\htdocs\wordpress\wp-cron.php(188): do_action_ref_array('wp_image_proces...', Array)
#9 {main}
  thrown in C:\xampp\htdocs\wordpress\wp-content\plugins\elementor\core\base\document.php on line 962

2023-07-17T06:58:18+00:00 CRITICAL Uncaught Exception: Invalid data: {"data":["Array"],"element":"Array"} in C:\xampp\htdocs\wordpress\wp-content\plugins\elementor\core\base\document.php:962
Stack trace:
#0 C:\xampp\htdocs\wordpress\wp-content\plugins\astra-sites\inc\importers\batch-processing\class-astra-sites-batch-processing-elementor.php(122): Elementor\Core\Base\Document->get_elements_raw_data(Array, true)
#1 C:\xampp\htdocs\wordpress\wp-content\plugins\astra-sites\inc\importers\batch-processing\class-astra-sites-batch-processing-elementor.php(66): Elementor\TemplateLibrary\Astra_Sites_Batch_Processing_Elementor->import_single_post(860)
#2 C:\xampp\htdocs\wordpress\wp-content\plugins\astra-sites\inc\importers\batch-processing\helpers\class-wp-background-process-astra.php(41): Elementor\TemplateLibrary\Astra_Sites_Batch_Processing_Elementor->import()
#3 C:\xampp\htdocs\wordpress\wp-content\plugins\woocommerce\includes\libraries\wp-background-process.php(301): WP_Background_Process_Astra->task(Object(Elementor\TemplateLibrary\Astra_Sites_Batch_Processing_Elementor))
#4 C:\xampp\htdocs\wordpress\wp-content\plugins\woocommerce\includes\libraries\wp-background-process.php(447): WP_Background_Process->handle()
#5 C:\xampp\htdocs\wordpress\wp-includes\class-wp-hook.php(308): WP_Background_Process->handle_cron_healthcheck()
#6 C:\xampp\htdocs\wordpress\wp-includes\class-wp-hook.php(332): WP_Hook->apply_filters('', Array)
#7 C:\xampp\htdocs\wordpress\wp-includes\plugin.php(565): WP_Hook->do_action(Array)
#8 C:\xampp\htdocs\wordpress\wp-cron.php(188): do_action_ref_array('wp_image_proces...', Array)
#9 {main}
  thrown in C:\xampp\htdocs\wordpress\wp-content\plugins\elementor\core\base\document.php on line 962

2023-07-17T07:03:20+00:00 CRITICAL Uncaught Exception: Invalid data: {"data":["Array"],"element":"Array"} in C:\xampp\htdocs\wordpress\wp-content\plugins\elementor\core\base\document.php:962
Stack trace:
#0 C:\xampp\htdocs\wordpress\wp-content\plugins\astra-sites\inc\importers\batch-processing\class-astra-sites-batch-processing-elementor.php(122): Elementor\Core\Base\Document->get_elements_raw_data(Array, true)
#1 C:\xampp\htdocs\wordpress\wp-content\plugins\astra-sites\inc\importers\batch-processing\class-astra-sites-batch-processing-elementor.php(66): Elementor\TemplateLibrary\Astra_Sites_Batch_Processing_Elementor->import_single_post(860)
#2 C:\xampp\htdocs\wordpress\wp-content\plugins\astra-sites\inc\importers\batch-processing\helpers\class-wp-background-process-astra.php(41): Elementor\TemplateLibrary\Astra_Sites_Batch_Processing_Elementor->import()
#3 C:\xampp\htdocs\wordpress\wp-content\plugins\woocommerce\includes\libraries\wp-background-process.php(301): WP_Background_Process_Astra->task(Object(Elementor\TemplateLibrary\Astra_Sites_Batch_Processing_Elementor))
#4 C:\xampp\htdocs\wordpress\wp-content\plugins\woocommerce\includes\libraries\wp-background-process.php(447): WP_Background_Process->handle()
#5 C:\xampp\htdocs\wordpress\wp-includes\class-wp-hook.php(308): WP_Background_Process->handle_cron_healthcheck()
#6 C:\xampp\htdocs\wordpress\wp-includes\class-wp-hook.php(332): WP_Hook->apply_filters('', Array)
#7 C:\xampp\htdocs\wordpress\wp-includes\plugin.php(565): WP_Hook->do_action(Array)
#8 C:\xampp\htdocs\wordpress\wp-cron.php(188): do_action_ref_array('wp_image_proces...', Array)
#9 {main}
  thrown in C:\xampp\htdocs\wordpress\wp-content\plugins\elementor\core\base\document.php on line 962

2023-07-17T07:08:50+00:00 CRITICAL Uncaught Exception: Invalid data: {"data":["Array"],"element":"Array"} in C:\xampp\htdocs\wordpress\wp-content\plugins\elementor\core\base\document.php:962
Stack trace:
#0 C:\xampp\htdocs\wordpress\wp-content\plugins\astra-sites\inc\importers\batch-processing\class-astra-sites-batch-processing-elementor.php(122): Elementor\Core\Base\Document->get_elements_raw_data(Array, true)
#1 C:\xampp\htdocs\wordpress\wp-content\plugins\astra-sites\inc\importers\batch-processing\class-astra-sites-batch-processing-elementor.php(66): Elementor\TemplateLibrary\Astra_Sites_Batch_Processing_Elementor->import_single_post(860)
#2 C:\xampp\htdocs\wordpress\wp-content\plugins\astra-sites\inc\importers\batch-processing\helpers\class-wp-background-process-astra.php(41): Elementor\TemplateLibrary\Astra_Sites_Batch_Processing_Elementor->import()
#3 C:\xampp\htdocs\wordpress\wp-content\plugins\woocommerce\includes\libraries\wp-background-process.php(301): WP_Background_Process_Astra->task(Object(Elementor\TemplateLibrary\Astra_Sites_Batch_Processing_Elementor))
#4 C:\xampp\htdocs\wordpress\wp-content\plugins\woocommerce\includes\libraries\wp-background-process.php(447): WP_Background_Process->handle()
#5 C:\xampp\htdocs\wordpress\wp-includes\class-wp-hook.php(308): WP_Background_Process->handle_cron_healthcheck()
#6 C:\xampp\htdocs\wordpress\wp-includes\class-wp-hook.php(332): WP_Hook->apply_filters('', Array)
#7 C:\xampp\htdocs\wordpress\wp-includes\plugin.php(565): WP_Hook->do_action(Array)
#8 C:\xampp\htdocs\wordpress\wp-cron.php(188): do_action_ref_array('wp_image_proces...', Array)
#9 {main}
  thrown in C:\xampp\htdocs\wordpress\wp-content\plugins\elementor\core\base\document.php on line 962

2023-07-17T07:13:25+00:00 CRITICAL Uncaught Exception: Invalid data: {"data":["Array"],"element":"Array"} in C:\xampp\htdocs\wordpress\wp-content\plugins\elementor\core\base\document.php:962
Stack trace:
#0 C:\xampp\htdocs\wordpress\wp-content\plugins\astra-sites\inc\importers\batch-processing\class-astra-sites-batch-processing-elementor.php(122): Elementor\Core\Base\Document->get_elements_raw_data(Array, true)
#1 C:\xampp\htdocs\wordpress\wp-content\plugins\astra-sites\inc\importers\batch-processing\class-astra-sites-batch-processing-elementor.php(66): Elementor\TemplateLibrary\Astra_Sites_Batch_Processing_Elementor->import_single_post(860)
#2 C:\xampp\htdocs\wordpress\wp-content\plugins\astra-sites\inc\importers\batch-processing\helpers\class-wp-background-process-astra.php(41): Elementor\TemplateLibrary\Astra_Sites_Batch_Processing_Elementor->import()
#3 C:\xampp\htdocs\wordpress\wp-content\plugins\woocommerce\includes\libraries\wp-background-process.php(301): WP_Background_Process_Astra->task(Object(Elementor\TemplateLibrary\Astra_Sites_Batch_Processing_Elementor))
#4 C:\xampp\htdocs\wordpress\wp-content\plugins\woocommerce\includes\libraries\wp-background-process.php(447): WP_Background_Process->handle()
#5 C:\xampp\htdocs\wordpress\wp-includes\class-wp-hook.php(308): WP_Background_Process->handle_cron_healthcheck()
#6 C:\xampp\htdocs\wordpress\wp-includes\class-wp-hook.php(332): WP_Hook->apply_filters('', Array)
#7 C:\xampp\htdocs\wordpress\wp-includes\plugin.php(565): WP_Hook->do_action(Array)
#8 C:\xampp\htdocs\wordpress\wp-cron.php(188): do_action_ref_array('wp_image_proces...', Array)
#9 {main}
  thrown in C:\xampp\htdocs\wordpress\wp-content\plugins\elementor\core\base\document.php on line 962

2023-07-17T07:18:55+00:00 CRITICAL Uncaught Exception: Invalid data: {"data":["Array"],"element":"Array"} in C:\xampp\htdocs\wordpress\wp-content\plugins\elementor\core\base\document.php:962
Stack trace:
#0 C:\xampp\htdocs\wordpress\wp-content\plugins\astra-sites\inc\importers\batch-processing\class-astra-sites-batch-processing-elementor.php(122): Elementor\Core\Base\Document->get_elements_raw_data(Array, true)
#1 C:\xampp\htdocs\wordpress\wp-content\plugins\astra-sites\inc\importers\batch-processing\class-astra-sites-batch-processing-elementor.php(66): Elementor\TemplateLibrary\Astra_Sites_Batch_Processing_Elementor->import_single_post(860)
#2 C:\xampp\htdocs\wordpress\wp-content\plugins\astra-sites\inc\importers\batch-processing\helpers\class-wp-background-process-astra.php(41): Elementor\TemplateLibrary\Astra_Sites_Batch_Processing_Elementor->import()
#3 C:\xampp\htdocs\wordpress\wp-content\plugins\woocommerce\includes\libraries\wp-background-process.php(301): WP_Background_Process_Astra->task(Object(Elementor\TemplateLibrary\Astra_Sites_Batch_Processing_Elementor))
#4 C:\xampp\htdocs\wordpress\wp-content\plugins\woocommerce\includes\libraries\wp-background-process.php(447): WP_Background_Process->handle()
#5 C:\xampp\htdocs\wordpress\wp-includes\class-wp-hook.php(308): WP_Background_Process->handle_cron_healthcheck()
#6 C:\xampp\htdocs\wordpress\wp-includes\class-wp-hook.php(332): WP_Hook->apply_filters('', Array)
#7 C:\xampp\htdocs\wordpress\wp-includes\plugin.php(565): WP_Hook->do_action(Array)
#8 C:\xampp\htdocs\wordpress\wp-cron.php(188): do_action_ref_array('wp_image_proces...', Array)
#9 {main}
  thrown in C:\xampp\htdocs\wordpress\wp-content\plugins\elementor\core\base\document.php on line 962

2023-07-17T07:23:30+00:00 CRITICAL Uncaught Exception: Invalid data: {"data":["Array"],"element":"Array"} in C:\xampp\htdocs\wordpress\wp-content\plugins\elementor\core\base\document.php:962
Stack trace:
#0 C:\xampp\htdocs\wordpress\wp-content\plugins\astra-sites\inc\importers\batch-processing\class-astra-sites-batch-processing-elementor.php(122): Elementor\Core\Base\Document->get_elements_raw_data(Array, true)
#1 C:\xampp\htdocs\wordpress\wp-content\plugins\astra-sites\inc\importers\batch-processing\class-astra-sites-batch-processing-elementor.php(66): Elementor\TemplateLibrary\Astra_Sites_Batch_Processing_Elementor->import_single_post(860)
#2 C:\xampp\htdocs\wordpress\wp-content\plugins\astra-sites\inc\importers\batch-processing\helpers\class-wp-background-process-astra.php(41): Elementor\TemplateLibrary\Astra_Sites_Batch_Processing_Elementor->import()
#3 C:\xampp\htdocs\wordpress\wp-content\plugins\woocommerce\includes\libraries\wp-background-process.php(301): WP_Background_Process_Astra->task(Object(Elementor\TemplateLibrary\Astra_Sites_Batch_Processing_Elementor))
#4 C:\xampp\htdocs\wordpress\wp-content\plugins\woocommerce\includes\libraries\wp-background-process.php(447): WP_Background_Process->handle()
#5 C:\xampp\htdocs\wordpress\wp-includes\class-wp-hook.php(308): WP_Background_Process->handle_cron_healthcheck()
#6 C:\xampp\htdocs\wordpress\wp-includes\class-wp-hook.php(332): WP_Hook->apply_filters('', Array)
#7 C:\xampp\htdocs\wordpress\wp-includes\plugin.php(565): WP_Hook->do_action(Array)
#8 C:\xampp\htdocs\wordpress\wp-cron.php(188): do_action_ref_array('wp_image_proces...', Array)
#9 {main}
  thrown in C:\xampp\htdocs\wordpress\wp-content\plugins\elementor\core\base\document.php on line 962

2023-07-17T07:29:00+00:00 CRITICAL Uncaught Exception: Invalid data: {"data":["Array"],"element":"Array"} in C:\xampp\htdocs\wordpress\wp-content\plugins\elementor\core\base\document.php:962
Stack trace:
#0 C:\xampp\htdocs\wordpress\wp-content\plugins\astra-sites\inc\importers\batch-processing\class-astra-sites-batch-processing-elementor.php(122): Elementor\Core\Base\Document->get_elements_raw_data(Array, true)
#1 C:\xampp\htdocs\wordpress\wp-content\plugins\astra-sites\inc\importers\batch-processing\class-astra-sites-batch-processing-elementor.php(66): Elementor\TemplateLibrary\Astra_Sites_Batch_Processing_Elementor->import_single_post(860)
#2 C:\xampp\htdocs\wordpress\wp-content\plugins\astra-sites\inc\importers\batch-processing\helpers\class-wp-background-process-astra.php(41): Elementor\TemplateLibrary\Astra_Sites_Batch_Processing_Elementor->import()
#3 C:\xampp\htdocs\wordpress\wp-content\plugins\woocommerce\includes\libraries\wp-background-process.php(301): WP_Background_Process_Astra->task(Object(Elementor\TemplateLibrary\Astra_Sites_Batch_Processing_Elementor))
#4 C:\xampp\htdocs\wordpress\wp-content\plugins\woocommerce\includes\libraries\wp-background-process.php(447): WP_Background_Process->handle()
#5 C:\xampp\htdocs\wordpress\wp-includes\class-wp-hook.php(308): WP_Background_Process->handle_cron_healthcheck()
#6 C:\xampp\htdocs\wordpress\wp-includes\class-wp-hook.php(332): WP_Hook->apply_filters('', Array)
#7 C:\xampp\htdocs\wordpress\wp-includes\plugin.php(565): WP_Hook->do_action(Array)
#8 C:\xampp\htdocs\wordpress\wp-cron.php(188): do_action_ref_array('wp_image_proces...', Array)
#9 {main}
  thrown in C:\xampp\htdocs\wordpress\wp-content\plugins\elementor\core\base\document.php on line 962

2023-07-17T07:33:34+00:00 CRITICAL Uncaught Exception: Invalid data: {"data":["Array"],"element":"Array"} in C:\xampp\htdocs\wordpress\wp-content\plugins\elementor\core\base\document.php:962
Stack trace:
#0 C:\xampp\htdocs\wordpress\wp-content\plugins\astra-sites\inc\importers\batch-processing\class-astra-sites-batch-processing-elementor.php(122): Elementor\Core\Base\Document->get_elements_raw_data(Array, true)
#1 C:\xampp\htdocs\wordpress\wp-content\plugins\astra-sites\inc\importers\batch-processing\class-astra-sites-batch-processing-elementor.php(66): Elementor\TemplateLibrary\Astra_Sites_Batch_Processing_Elementor->import_single_post(860)
#2 C:\xampp\htdocs\wordpress\wp-content\plugins\astra-sites\inc\importers\batch-processing\helpers\class-wp-background-process-astra.php(41): Elementor\TemplateLibrary\Astra_Sites_Batch_Processing_Elementor->import()
#3 C:\xampp\htdocs\wordpress\wp-content\plugins\woocommerce\includes\libraries\wp-background-process.php(301): WP_Background_Process_Astra->task(Object(Elementor\TemplateLibrary\Astra_Sites_Batch_Processing_Elementor))
#4 C:\xampp\htdocs\wordpress\wp-content\plugins\woocommerce\includes\libraries\wp-background-process.php(447): WP_Background_Process->handle()
#5 C:\xampp\htdocs\wordpress\wp-includes\class-wp-hook.php(308): WP_Background_Process->handle_cron_healthcheck()
#6 C:\xampp\htdocs\wordpress\wp-includes\class-wp-hook.php(332): WP_Hook->apply_filters('', Array)
#7 C:\xampp\htdocs\wordpress\wp-includes\plugin.php(565): WP_Hook->do_action(Array)
#8 C:\xampp\htdocs\wordpress\wp-cron.php(188): do_action_ref_array('wp_image_proces...', Array)
#9 {main}
  thrown in C:\xampp\htdocs\wordpress\wp-content\plugins\elementor\core\base\document.php on line 962

2023-07-17T07:38:28+00:00 CRITICAL Uncaught Exception: Invalid data: {"data":["Array"],"element":"Array"} in C:\xampp\htdocs\wordpress\wp-content\plugins\elementor\core\base\document.php:962
Stack trace:
#0 C:\xampp\htdocs\wordpress\wp-content\plugins\astra-sites\inc\importers\batch-processing\class-astra-sites-batch-processing-elementor.php(122): Elementor\Core\Base\Document->get_elements_raw_data(Array, true)
#1 C:\xampp\htdocs\wordpress\wp-content\plugins\astra-sites\inc\importers\batch-processing\class-astra-sites-batch-processing-elementor.php(66): Elementor\TemplateLibrary\Astra_Sites_Batch_Processing_Elementor->import_single_post(860)
#2 C:\xampp\htdocs\wordpress\wp-content\plugins\astra-sites\inc\importers\batch-processing\helpers\class-wp-background-process-astra.php(41): Elementor\TemplateLibrary\Astra_Sites_Batch_Processing_Elementor->import()
#3 C:\xampp\htdocs\wordpress\wp-content\plugins\woocommerce\includes\libraries\wp-background-process.php(301): WP_Background_Process_Astra->task(Object(Elementor\TemplateLibrary\Astra_Sites_Batch_Processing_Elementor))
#4 C:\xampp\htdocs\wordpress\wp-content\plugins\woocommerce\includes\libraries\wp-background-process.php(447): WP_Background_Process->handle()
#5 C:\xampp\htdocs\wordpress\wp-includes\class-wp-hook.php(308): WP_Background_Process->handle_cron_healthcheck()
#6 C:\xampp\htdocs\wordpress\wp-includes\class-wp-hook.php(332): WP_Hook->apply_filters('', Array)
#7 C:\xampp\htdocs\wordpress\wp-includes\plugin.php(565): WP_Hook->do_action(Array)
#8 C:\xampp\htdocs\wordpress\wp-cron.php(188): do_action_ref_array('wp_image_proces...', Array)
#9 {main}
  thrown in C:\xampp\htdocs\wordpress\wp-content\plugins\elementor\core\base\document.php on line 962

